<?xml version="1.0" encoding="UTF-8"?>
<!-- Generated by org.testng.reporters.JUnitReportReporter -->
<testsuite hostname="DESKTOP-B88V492" failures="0" tests="1" name="testScripts.CalcTest" time="0.026" errors="0" timestamp="2023-09-24T12:03:45 IST" skipped="0">
  <testcase classname="testScripts.CalcTest" name="shouldAnswerWithTrue" time="0.026"/>
  <system-out/>
</testsuite> <!-- testScripts.CalcTest -->
